<?xml version="1.0" encoding="UTF-8"?>
<testng-results ignored="0" total="1" passed="1" failed="0" skipped="0">
  <reporter-output>
  </reporter-output>
  <suite started-at="2025-07-04T09:51:06 IST" name="Suite" finished-at="2025-07-04T09:51:06 IST" duration-ms="536">
    <groups>
    </groups>
    <test started-at="2025-07-04T09:51:06 IST" name="Test" finished-at="2025-07-04T09:51:06 IST" duration-ms="536">
      <class name="com.testNG.testNGdemo">
        <test-method is-config="true" signature="beforeSuite()[pri:0, instance:com.testNG.testNGdemo@815b41f]" started-at="2025-07-04T09:51:03 IST" name="beforeSuite" finished-at="2025-07-04T09:51:06 IST" duration-ms="2777" status="PASS">
          <reporter-output>
          </reporter-output>
        </test-method> <!-- beforeSuite -->
        <test-method signature="Mytest()[pri:0, instance:com.testNG.testNGdemo@815b41f]" started-at="2025-07-04T09:51:06 IST" name="Mytest" finished-at="2025-07-04T09:51:06 IST" duration-ms="457" status="PASS">
          <reporter-output>
          </reporter-output>
        </test-method> <!-- Mytest -->
        <test-method is-config="true" signature="afterSuite()[pri:0, instance:com.testNG.testNGdemo@815b41f]" started-at="2025-07-04T09:51:06 IST" name="afterSuite" finished-at="2025-07-04T09:51:07 IST" duration-ms="129" status="PASS">
          <reporter-output>
          </reporter-output>
        </test-method> <!-- afterSuite -->
      </class> <!-- com.testNG.testNGdemo -->
    </test> <!-- Test -->
  </suite> <!-- Suite -->
</testng-results>
